#
# There is insufficient memory for the Java Runtime Environment to continue.
# Native memory allocation (malloc) failed to allocate 2097152 bytes. Error detail: AllocateHeap
# Possible reasons:
#   The system is out of physical RAM or swap space
#   This process is running with CompressedOops enabled, and the Java Heap may be blocking the growth of the native heap
# Possible solutions:
#   Reduce memory load on the system
#   Increase physical memory or swap space
#   Check if swap backing store is full
#   Decrease Java heap size (-Xmx/-Xms)
#   Decrease number of Java threads
#   Decrease Java thread stack sizes (-Xss)
#   Set larger code cache with -XX:ReservedCodeCacheSize=
#   JVM is running with Unscaled Compressed Oops mode in which the Java heap is
#     placed in the first 4GB address space. The Java Heap base address is the
#     maximum limit for the native heap growth. Please use -XX:HeapBaseMinAddress
#     to set the Java Heap base and to place the Java Heap above 4GB virtual address.
# This output file may be truncated or incomplete.
#
#  Out of Memory Error (allocation.cpp:44), pid=17060, tid=2200
#
# JRE version: OpenJDK Runtime Environment Temurin-17.0.12+7 (17.0.12+7) (build 17.0.12+7)
# Java VM: OpenJDK 64-Bit Server VM Temurin-17.0.12+7 (17.0.12+7, mixed mode, emulated-client, tiered, compressed oops, compressed class ptrs, g1 gc, windows-amd64)
# No core dump will be written. Minidumps are not enabled by default on client versions of Windows
#

---------------  S U M M A R Y ------------

Command Line: -Xmx1024m -Dsts.lsp.client=vscode -Dsts.log.file=/dev/null -XX:TieredStopAtLevel=1 -Xlog:jni+resolve=off -Dspring.config.location=file:c:\Users\Aditya\.vscode\extensions\vmware.vscode-spring-boot-1.56.0\language-server\BOOT-INF\classes\application.properties org.springframework.ide.vscode.boot.app.BootLanguageServerBootApp

Host: Intel(R) Core(TM) i5-8300H CPU @ 2.30GHz, 8 cores, 7G,  Windows 11 , 64 bit Build 22621 (10.0.22621.3958)
Time: Tue Sep 10 21:41:25 2024 India Standard Time elapsed time: 3756.317519 seconds (0d 1h 2m 36s)

---------------  T H R E A D  ---------------

Current thread (0x0000019d4e01c2f0):  VMThread "VM Thread" [stack: 0x0000004612100000,0x0000004612200000] [id=2200]

Stack: [0x0000004612100000,0x0000004612200000]
Native frames: (J=compiled Java code, j=interpreted, Vv=VM code, C=native code)
V  [jvm.dll+0x67f929]
V  [jvm.dll+0x8371ba]
V  [jvm.dll+0x838c7e]
V  [jvm.dll+0x8392e3]
V  [jvm.dll+0x24834f]
V  [jvm.dll+0xa70d3]
V  [jvm.dll+0x2f9101]
V  [jvm.dll+0x2f4d00]
V  [jvm.dll+0x2dd82f]
V  [jvm.dll+0x3201f7]
V  [jvm.dll+0x83d7dd]
V  [jvm.dll+0x83e522]
V  [jvm.dll+0x83ea4f]
V  [jvm.dll+0x83ee34]
V  [jvm.dll+0x83ef00]
V  [jvm.dll+0x7e65dc]
V  [jvm.dll+0x67e7f7]
C  [ucrtbase.dll+0x29333]
C  [KERNEL32.DLL+0x1257d]
C  [ntdll.dll+0x5af28]

VM_Operation (0x00000046139fe9b0): G1CollectFull, mode: safepoint, requested by thread 0x0000019d53d592b0


---------------  P R O C E S S  ---------------

Threads class SMR info:
_java_thread_list=0x0000019d535b5710, length=27, elements={
0x0000019d4e02fb90, 0x0000019d4e030920, 0x0000019d4e05df90, 0x0000019d4e1660a0,
0x0000019d4e168390, 0x0000019d4e16ac70, 0x0000019d4e16b950, 0x0000019d4e170890,
0x0000019d4e3803f0, 0x0000019d4e38c150, 0x0000019d53d93a50, 0x0000019d53d592b0,
0x0000019d53b0a0f0, 0x0000019d43233a90, 0x0000019d53dc4030, 0x0000019d53e60460,
0x0000019d53ea58e0, 0x0000019d53ea4ec0, 0x0000019d53ea5df0, 0x0000019d53ea6300,
0x0000019d53ea44a0, 0x0000019d53ea6810, 0x0000019d53ea3570, 0x0000019d53ea3f90,
0x0000019d53ea53d0, 0x0000019d53ea3a80, 0x0000019d53ea49b0
}

Java Threads: ( => current thread )
  0x0000019d4e02fb90 JavaThread "Reference Handler" daemon [_thread_blocked, id=3624, stack(0x0000004612200000,0x0000004612300000)]
  0x0000019d4e030920 JavaThread "Finalizer" daemon [_thread_blocked, id=15608, stack(0x0000004612300000,0x0000004612400000)]
  0x0000019d4e05df90 JavaThread "Signal Dispatcher" daemon [_thread_blocked, id=12480, stack(0x0000004612400000,0x0000004612500000)]
  0x0000019d4e1660a0 JavaThread "Attach Listener" daemon [_thread_blocked, id=16776, stack(0x0000004612500000,0x0000004612600000)]
  0x0000019d4e168390 JavaThread "Service Thread" daemon [_thread_blocked, id=3580, stack(0x0000004612600000,0x0000004612700000)]
  0x0000019d4e16ac70 JavaThread "Monitor Deflation Thread" daemon [_thread_blocked, id=12380, stack(0x0000004612700000,0x0000004612800000)]
  0x0000019d4e16b950 JavaThread "C1 CompilerThread0" daemon [_thread_blocked, id=11964, stack(0x0000004612800000,0x0000004612900000)]
  0x0000019d4e170890 JavaThread "Sweeper thread" daemon [_thread_blocked, id=5852, stack(0x0000004612900000,0x0000004612a00000)]
  0x0000019d4e3803f0 JavaThread "Notification Thread" daemon [_thread_blocked, id=12608, stack(0x0000004612b00000,0x0000004612c00000)]
  0x0000019d4e38c150 JavaThread "Common-Cleaner" daemon [_thread_blocked, id=8632, stack(0x0000004612d00000,0x0000004612e00000)]
  0x0000019d53d93a50 JavaThread "boundedElastic-evictor-1" daemon [_thread_blocked, id=13080, stack(0x0000004613500000,0x0000004613600000)]
  0x0000019d53d592b0 JavaThread "pool-13-thread-1" [_thread_blocked, id=828, stack(0x0000004613900000,0x0000004613a00000)]
  0x0000019d53b0a0f0 JavaThread "LanguageServerApp-lifecycle" [_thread_blocked, id=7724, stack(0x0000004613a00000,0x0000004613b00000)]
  0x0000019d43233a90 JavaThread "DestroyJavaVM" [_thread_blocked, id=12704, stack(0x0000004611b00000,0x0000004611c00000)]
  0x0000019d53dc4030 JavaThread "pool-14-thread-1" [_thread_in_native, id=10944, stack(0x0000004613b00000,0x0000004613c00000)]
  0x0000019d53e60460 JavaThread "Simple-Language-Server main thread" daemon [_thread_blocked, id=10608, stack(0x0000004613c00000,0x0000004613d00000)]
  0x0000019d53ea58e0 JavaThread "parallel-1" daemon [_thread_blocked, id=9552, stack(0x0000004613d00000,0x0000004613e00000)]
  0x0000019d53ea4ec0 JavaThread "pool-8-thread-1" [_thread_blocked, id=6840, stack(0x0000004613e00000,0x0000004613f00000)]
  0x0000019d53ea5df0 JavaThread "parallel-2" daemon [_thread_blocked, id=13432, stack(0x0000004613f00000,0x0000004614000000)]
  0x0000019d53ea6300 JavaThread "parallel-3" daemon [_thread_blocked, id=13056, stack(0x0000004614000000,0x0000004614100000)]
  0x0000019d53ea44a0 JavaThread "parallel-4" daemon [_thread_blocked, id=15436, stack(0x0000004614100000,0x0000004614200000)]
  0x0000019d53ea6810 JavaThread "pool-6-thread-1" [_thread_blocked, id=17316, stack(0x0000004614200000,0x0000004614300000)]
  0x0000019d53ea3570 JavaThread "parallel-5" daemon [_thread_blocked, id=11484, stack(0x0000004614300000,0x0000004614400000)]
  0x0000019d53ea3f90 JavaThread "parallel-6" daemon [_thread_blocked, id=13736, stack(0x0000004614400000,0x0000004614500000)]
  0x0000019d53ea53d0 JavaThread "parallel-7" daemon [_thread_blocked, id=4732, stack(0x0000004614500000,0x0000004614600000)]
  0x0000019d53ea3a80 JavaThread "parallel-8" daemon [_thread_blocked, id=7312, stack(0x0000004614600000,0x0000004614700000)]
  0x0000019d53ea49b0 JavaThread "Reconciler-1" daemon [_thread_blocked, id=12312, stack(0x0000004614700000,0x0000004614800000)]

Other Threads:
=>0x0000019d4e01c2f0 VMThread "VM Thread" [stack: 0x0000004612100000,0x0000004612200000] [id=2200]
  0x0000019d4e3808d0 WatcherThread [stack: 0x0000004612c00000,0x0000004612d00000] [id=12592]
  0x0000019d43273030 GCTaskThread "GC Thread#0" [stack: 0x0000004611c00000,0x0000004611d00000] [id=5840]
  0x0000019d53040830 GCTaskThread "GC Thread#1" [stack: 0x0000004612e00000,0x0000004612f00000] [id=1048]
  0x0000019d4eba3cf0 GCTaskThread "GC Thread#2" [stack: 0x0000004612f00000,0x0000004613000000] [id=12388]
  0x0000019d53080ca0 GCTaskThread "GC Thread#3" [stack: 0x0000004613000000,0x0000004613100000] [id=14076]
  0x0000019d532c0040 GCTaskThread "GC Thread#4" [stack: 0x0000004613200000,0x0000004613300000] [id=11824]
  0x0000019d532c0300 GCTaskThread "GC Thread#5" [stack: 0x0000004613300000,0x0000004613400000] [id=4580]
  0x0000019d5347de30 GCTaskThread "GC Thread#6" [stack: 0x0000004613600000,0x0000004613700000] [id=17700]
  0x0000019d5347e0f0 GCTaskThread "GC Thread#7" [stack: 0x0000004613700000,0x0000004613800000] [id=11256]
  0x0000019d4327bf80 ConcurrentGCThread "G1 Main Marker" [stack: 0x0000004611d00000,0x0000004611e00000] [id=16832]
  0x0000019d4327c9a0 ConcurrentGCThread "G1 Conc#0" [stack: 0x0000004611e00000,0x0000004611f00000] [id=9984]
  0x0000019d53547990 ConcurrentGCThread "G1 Conc#1" [stack: 0x0000004613800000,0x0000004613900000] [id=15824]
  0x0000019d4de880e0 ConcurrentGCThread "G1 Refine#0" [stack: 0x0000004611f00000,0x0000004612000000] [id=11496]
  0x0000019d4de88b10 ConcurrentGCThread "G1 Service" [stack: 0x0000004612000000,0x0000004612100000] [id=17796]

Threads with active compile tasks:

VM state: at safepoint (normal execution)

VM Mutex/Monitor currently owned by a thread:  ([mutex/lock_event])
[0x0000019d40f41df0] Threads_lock - owner thread: 0x0000019d4e01c2f0
[0x0000019d432302b0] Heap_lock - owner thread: 0x0000019d53d592b0

Heap address: 0x00000000c0000000, size: 1024 MB, Compressed Oops mode: 32-bit

CDS archive(s) not mapped
Compressed class space mapped at: 0x0000000100000000-0x0000000140000000, reserved size: 1073741824
Narrow klass base: 0x0000000000000000, Narrow klass shift: 3, Narrow klass range: 0x140000000

GC Precious Log:
 CPUs: 8 total, 8 available
 Memory: 8034M
 Large Page Support: Disabled
 NUMA Support: Disabled
 Compressed Oops: Enabled (32-bit)
 Heap Region Size: 1M
 Heap Min Capacity: 8M
 Heap Initial Capacity: 126M
 Heap Max Capacity: 1G
 Pre-touch: Disabled
 Parallel Workers: 8
 Concurrent Workers: 2
 Concurrent Refinement Workers: 8
 Periodic GC: Disabled

Heap:
 garbage-first heap   total 75776K, used 25500K [0x00000000c0000000, 0x0000000100000000)
  region size 1024K, 1 young (1024K), 0 survivors (0K)
 Metaspace       used 42028K, committed 42432K, reserved 1114112K
  class space    used 5423K, committed 5632K, reserved 1048576K

Heap Regions: E=young(eden), S=young(survivor), O=old, HS=humongous(starts), HC=humongous(continues), CS=collection set, F=free, OA=open archive, CA=closed archive, TAMS=top-at-mark-start (previous, next)
|   0|0x00000000c0000000, 0x00000000c0100000, 0x00000000c0100000|100%|HS|  |TAMS 0x00000000c0100000, 0x00000000c0000000| Untracked 
|   1|0x00000000c0100000, 0x00000000c0200000, 0x00000000c0200000|100%|HC|  |TAMS 0x00000000c0200000, 0x00000000c0100000| Untracked 
|   2|0x00000000c0200000, 0x00000000c0300000, 0x00000000c0300000|100%|HC|  |TAMS 0x00000000c0300000, 0x00000000c0200000| Untracked 
|   3|0x00000000c0300000, 0x00000000c0400000, 0x00000000c0400000|100%|HC|  |TAMS 0x00000000c0400000, 0x00000000c0300000| Untracked 
|   4|0x00000000c0400000, 0x00000000c0500000, 0x00000000c0500000|100%|HS|  |TAMS 0x00000000c0500000, 0x00000000c0400000| Untracked 
|   5|0x00000000c0500000, 0x00000000c0600000, 0x00000000c0600000|100%|HC|  |TAMS 0x00000000c0600000, 0x00000000c0500000| Untracked 
|   6|0x00000000c0600000, 0x00000000c06fffe8, 0x00000000c0700000| 99%| O|  |TAMS 0x00000000c06fffe8, 0x00000000c0600000| Untracked 
|   7|0x00000000c0700000, 0x00000000c0800000, 0x00000000c0800000|100%| O|  |TAMS 0x00000000c0800000, 0x00000000c0700000| Untracked 
|   8|0x00000000c0800000, 0x00000000c0900000, 0x00000000c0900000|100%| O|  |TAMS 0x00000000c0900000, 0x00000000c0800000| Untracked 
|   9|0x00000000c0900000, 0x00000000c0a00000, 0x00000000c0a00000|100%| O|  |TAMS 0x00000000c0a00000, 0x00000000c0900000| Untracked 
|  10|0x00000000c0a00000, 0x00000000c0affff8, 0x00000000c0b00000| 99%| O|  |TAMS 0x00000000c0affff8, 0x00000000c0a00000| Untracked 
|  11|0x00000000c0b00000, 0x00000000c0c00000, 0x00000000c0c00000|100%| O|  |TAMS 0x00000000c0c00000, 0x00000000c0b00000| Untracked 
|  12|0x00000000c0c00000, 0x00000000c0cfffe8, 0x00000000c0d00000| 99%| O|  |TAMS 0x00000000c0cfffe8, 0x00000000c0c00000| Untracked 
|  13|0x00000000c0d00000, 0x00000000c0e00000, 0x00000000c0e00000|100%| O|  |TAMS 0x00000000c0e00000, 0x00000000c0d00000| Untracked 
|  14|0x00000000c0e00000, 0x00000000c0f00000, 0x00000000c0f00000|100%| O|  |TAMS 0x00000000c0f00000, 0x00000000c0e00000| Untracked 
|  15|0x00000000c0f00000, 0x00000000c0fffff8, 0x00000000c1000000| 99%| O|  |TAMS 0x00000000c0fffff8, 0x00000000c0f00000| Untracked 
|  16|0x00000000c1000000, 0x00000000c1100000, 0x00000000c1100000|100%| O|  |TAMS 0x00000000c1100000, 0x00000000c1000000| Untracked 
|  17|0x00000000c1100000, 0x00000000c11fee18, 0x00000000c1200000| 99%| O|  |TAMS 0x00000000c11fee18, 0x00000000c1100000| Untracked 
|  18|0x00000000c1200000, 0x00000000c12ffff8, 0x00000000c1300000| 99%| O|  |TAMS 0x00000000c12ffff8, 0x00000000c1200000| Untracked 
|  19|0x00000000c1300000, 0x00000000c13ffff0, 0x00000000c1400000| 99%| O|  |TAMS 0x00000000c13ffff0, 0x00000000c1300000| Untracked 
|  20|0x00000000c1400000, 0x00000000c1500000, 0x00000000c1500000|100%| O|  |TAMS 0x00000000c1500000, 0x00000000c1400000| Untracked 
|  21|0x00000000c1500000, 0x00000000c15fffd8, 0x00000000c1600000| 99%| O|  |TAMS 0x00000000c15fffd8, 0x00000000c1500000| Untracked 
|  22|0x00000000c1600000, 0x00000000c1700000, 0x00000000c1700000|100%| O|  |TAMS 0x00000000c1700000, 0x00000000c1600000| Untracked 
|  23|0x00000000c1700000, 0x00000000c17ffff0, 0x00000000c1800000| 99%| O|  |TAMS 0x00000000c17ffff0, 0x00000000c1700000| Untracked 
|  24|0x00000000c1800000, 0x00000000c18be5f0, 0x00000000c1900000| 74%| O|  |TAMS 0x00000000c1800000, 0x00000000c1800000| Untracked 
|  25|0x00000000c1900000, 0x00000000c1929f70, 0x00000000c1a00000| 16%| O|  |TAMS 0x00000000c1900000, 0x00000000c1900000| Untracked 
|  26|0x00000000c1a00000, 0x00000000c1a00000, 0x00000000c1b00000|  0%| F|  |TAMS 0x00000000c1a00000, 0x00000000c1a00000| Untracked 
|  27|0x00000000c1b00000, 0x00000000c1b00000, 0x00000000c1c00000|  0%| F|  |TAMS 0x00000000c1b00000, 0x00000000c1b00000| Untracked 
|  28|0x00000000c1c00000, 0x00000000c1c00000, 0x00000000c1d00000|  0%| F|  |TAMS 0x00000000c1c00000, 0x00000000c1c00000| Untracked 
|  29|0x00000000c1d00000, 0x00000000c1d00000, 0x00000000c1e00000|  0%| F|  |TAMS 0x00000000c1d00000, 0x00000000c1d00000| Untracked 
|  30|0x00000000c1e00000, 0x00000000c1e00000, 0x00000000c1f00000|  0%| F|  |TAMS 0x00000000c1e00000, 0x00000000c1e00000| Untracked 
|  31|0x00000000c1f00000, 0x00000000c1f00000, 0x00000000c2000000|  0%| F|  |TAMS 0x00000000c1f00000, 0x00000000c1f00000| Untracked 
|  32|0x00000000c2000000, 0x00000000c2000000, 0x00000000c2100000|  0%| F|  |TAMS 0x00000000c2000000, 0x00000000c2000000| Untracked 
|  33|0x00000000c2100000, 0x00000000c2100000, 0x00000000c2200000|  0%| F|  |TAMS 0x00000000c2100000, 0x00000000c2100000| Untracked 
|  34|0x00000000c2200000, 0x00000000c2200000, 0x00000000c2300000|  0%| F|  |TAMS 0x00000000c2200000, 0x00000000c2200000| Untracked 
|  35|0x00000000c2300000, 0x00000000c2300000, 0x00000000c2400000|  0%| F|  |TAMS 0x00000000c2300000, 0x00000000c2300000| Untracked 
|  36|0x00000000c2400000, 0x00000000c2400000, 0x00000000c2500000|  0%| F|  |TAMS 0x00000000c2400000, 0x00000000c2400000| Untracked 
|  37|0x00000000c2500000, 0x00000000c2500000, 0x00000000c2600000|  0%| F|  |TAMS 0x00000000c2500000, 0x00000000c2500000| Untracked 
|  38|0x00000000c2600000, 0x00000000c2600000, 0x00000000c2700000|  0%| F|  |TAMS 0x00000000c2600000, 0x00000000c2600000| Untracked 
|  39|0x00000000c2700000, 0x00000000c2700000, 0x00000000c2800000|  0%| F|  |TAMS 0x00000000c2700000, 0x00000000c2700000| Untracked 
|  40|0x00000000c2800000, 0x00000000c2800000, 0x00000000c2900000|  0%| F|  |TAMS 0x00000000c2800000, 0x00000000c2800000| Untracked 
|  41|0x00000000c2900000, 0x00000000c2900000, 0x00000000c2a00000|  0%| F|  |TAMS 0x00000000c2900000, 0x00000000c2900000| Untracked 
|  42|0x00000000c2a00000, 0x00000000c2a00000, 0x00000000c2b00000|  0%| F|  |TAMS 0x00000000c2a00000, 0x00000000c2a00000| Untracked 
|  43|0x00000000c2b00000, 0x00000000c2b00000, 0x00000000c2c00000|  0%| F|  |TAMS 0x00000000c2b00000, 0x00000000c2b00000| Untracked 
|  44|0x00000000c2c00000, 0x00000000c2c00000, 0x00000000c2d00000|  0%| F|  |TAMS 0x00000000c2c00000, 0x00000000c2c00000| Untracked 
|  45|0x00000000c2d00000, 0x00000000c2d00000, 0x00000000c2e00000|  0%| F|  |TAMS 0x00000000c2d00000, 0x00000000c2d00000| Untracked 
|  46|0x00000000c2e00000, 0x00000000c2e00000, 0x00000000c2f00000|  0%| F|  |TAMS 0x00000000c2e00000, 0x00000000c2e00000| Untracked 
|  47|0x00000000c2f00000, 0x00000000c2f00000, 0x00000000c3000000|  0%| F|  |TAMS 0x00000000c2f00000, 0x00000000c2f00000| Untracked 
|  48|0x00000000c3000000, 0x00000000c3000000, 0x00000000c3100000|  0%| F|  |TAMS 0x00000000c3000000, 0x00000000c3000000| Untracked 
|  49|0x00000000c3100000, 0x00000000c3100000, 0x00000000c3200000|  0%| F|  |TAMS 0x00000000c3100000, 0x00000000c3100000| Untracked 
|  50|0x00000000c3200000, 0x00000000c3200000, 0x00000000c3300000|  0%| F|  |TAMS 0x00000000c3200000, 0x00000000c3200000| Untracked 
|  51|0x00000000c3300000, 0x00000000c3300000, 0x00000000c3400000|  0%| F|  |TAMS 0x00000000c3300000, 0x00000000c3300000| Untracked 
|  52|0x00000000c3400000, 0x00000000c3400000, 0x00000000c3500000|  0%| F|  |TAMS 0x00000000c3400000, 0x00000000c3400000| Untracked 
|  53|0x00000000c3500000, 0x00000000c3500000, 0x00000000c3600000|  0%| F|  |TAMS 0x00000000c3500000, 0x00000000c3500000| Untracked 
|  54|0x00000000c3600000, 0x00000000c3600000, 0x00000000c3700000|  0%| F|  |TAMS 0x00000000c3600000, 0x00000000c3600000| Untracked 
|  55|0x00000000c3700000, 0x00000000c3700000, 0x00000000c3800000|  0%| F|  |TAMS 0x00000000c3700000, 0x00000000c3700000| Untracked 
|  56|0x00000000c3800000, 0x00000000c3800000, 0x00000000c3900000|  0%| F|  |TAMS 0x00000000c3800000, 0x00000000c3800000| Untracked 
|  57|0x00000000c3900000, 0x00000000c3900000, 0x00000000c3a00000|  0%| F|  |TAMS 0x00000000c3900000, 0x00000000c3900000| Untracked 
|  58|0x00000000c3a00000, 0x00000000c3a00000, 0x00000000c3b00000|  0%| F|  |TAMS 0x00000000c3a00000, 0x00000000c3a00000| Untracked 
|  59|0x00000000c3b00000, 0x00000000c3b00000, 0x00000000c3c00000|  0%| F|  |TAMS 0x00000000c3b00000, 0x00000000c3b00000| Untracked 
|  60|0x00000000c3c00000, 0x00000000c3c00000, 0x00000000c3d00000|  0%| F|  |TAMS 0x00000000c3c00000, 0x00000000c3c00000| Untracked 
|  61|0x00000000c3d00000, 0x00000000c3d00000, 0x00000000c3e00000|  0%| F|  |TAMS 0x00000000c3d00000, 0x00000000c3d00000| Untracked 
|  62|0x00000000c3e00000, 0x00000000c3e00000, 0x00000000c3f00000|  0%| F|  |TAMS 0x00000000c3e00000, 0x00000000c3e00000| Untracked 
|  63|0x00000000c3f00000, 0x00000000c3f00000, 0x00000000c4000000|  0%| F|  |TAMS 0x00000000c3f00000, 0x00000000c3f00000| Untracked 
|  64|0x00000000c4000000, 0x00000000c4000000, 0x00000000c4100000|  0%| F|  |TAMS 0x00000000c4000000, 0x00000000c4000000| Untracked 
|  65|0x00000000c4100000, 0x00000000c4100000, 0x00000000c4200000|  0%| F|  |TAMS 0x00000000c4100000, 0x00000000c4100000| Untracked 
|  66|0x00000000c4200000, 0x00000000c4200000, 0x00000000c4300000|  0%| F|  |TAMS 0x00000000c4200000, 0x00000000c4200000| Untracked 
|  67|0x00000000c4300000, 0x00000000c4300000, 0x00000000c4400000|  0%| F|  |TAMS 0x00000000c4300000, 0x00000000c4300000| Untracked 
|  85|0x00000000c5500000, 0x00000000c5500000, 0x00000000c5600000|  0%| F|  |TAMS 0x00000000c5500000, 0x00000000c5500000| Untracked 
|  86|0x00000000c5600000, 0x00000000c5600000, 0x00000000c5700000|  0%| F|  |TAMS 0x00000000c5600000, 0x00000000c5600000| Untracked 
|  87|0x00000000c5700000, 0x00000000c5700000, 0x00000000c5800000|  0%| F|  |TAMS 0x00000000c5700000, 0x00000000c5700000| Untracked 
|  88|0x00000000c5800000, 0x00000000c5800000, 0x00000000c5900000|  0%| F|  |TAMS 0x00000000c5800000, 0x00000000c5800000| Untracked 
|  89|0x00000000c5900000, 0x00000000c5900000, 0x00000000c5a00000|  0%| F|  |TAMS 0x00000000c5900000, 0x00000000c5900000| Untracked 
| 125|0x00000000c7d00000, 0x00000000c7d16680, 0x00000000c7e00000|  8%| E|  |TAMS 0x00000000c7d00000, 0x00000000c7d00000| Complete 

Card table byte_map: [0x0000019d491d0000,0x0000019d493d0000] _byte_map_base: 0x0000019d48bd0000

Marking Bits (Prev, Next): (CMBitMap*) 0x0000019d43273690, (CMBitMap*) 0x0000019d43273650
 Prev Bits: [0x0000019d4a5d0000, 0x0000019d4b5d0000)
 Next Bits: [0x0000019d495d0000, 0x0000019d4a5d0000)

Polling page: 0x0000019d41140000

Metaspace:

Usage:
  Non-class:     35.75 MB used.
      Class:      5.30 MB used.
       Both:     41.04 MB used.

Virtual space:
  Non-class space:       64.00 MB reserved,      35.94 MB ( 56%) committed,  1 nodes.
      Class space:        1.00 GB reserved,       5.50 MB ( <1%) committed,  1 nodes.
             Both:        1.06 GB reserved,      41.44 MB (  4%) committed. 

Chunk freelists:
   Non-Class:  11.32 MB
       Class:  10.49 MB
        Both:  21.81 MB

MaxMetaspaceSize: unlimited
CompressedClassSpaceSize: 1.00 GB
Initial GC threshold: 21.00 MB
Current GC threshold: 69.06 MB
CDS: off
MetaspaceReclaimPolicy: balanced
 - commit_granule_bytes: 65536.
 - commit_granule_words: 8192.
 - virtual_space_node_default_size: 8388608.
 - enlarge_chunks_in_place: 1.
 - new_chunks_are_fully_committed: 0.
 - uncommit_free_chunks: 1.
 - use_allocation_guard: 0.
 - handle_deallocations: 1.


Internal statistics:

num_allocs_failed_limit: 6.
num_arena_births: 592.
num_arena_deaths: 172.
num_vsnodes_births: 2.
num_vsnodes_deaths: 0.
num_space_committed: 662.
num_space_uncommitted: 0.
num_chunks_returned_to_freelist: 202.
num_chunks_taken_from_freelist: 1936.
num_chunk_merges: 53.
num_chunk_splits: 1250.
num_chunks_enlarged: 943.
num_inconsistent_stats: 0.

CodeCache: size=49152Kb used=8365Kb max_used=9558Kb free=40786Kb
 bounds [0x0000019d45ec0000, 0x0000019d46820000, 0x0000019d48ec0000]
 total_blobs=5182 nmethods=4631 adapters=478
 compilation: enabled
              stopped_count=0, restarted_count=0
 full_count=0

Compilation events (20 events):
Event: 2774.043 Thread 0x0000019d4e16b950 4622       1       java.io.FileDescriptor$1::setHandle (6 bytes)
Event: 2774.043 Thread 0x0000019d4e16b950 nmethod 4622 0x0000019d461a9390 code [0x0000019d461a9520, 0x0000019d461a9668]
Event: 2774.043 Thread 0x0000019d4e16b950 4623       1       java.io.FileDescriptor::setHandle (33 bytes)
Event: 2774.043 Thread 0x0000019d4e16b950 nmethod 4623 0x0000019d461a9010 code [0x0000019d461a91a0, 0x0000019d461a92e8]
Event: 2774.043 Thread 0x0000019d4e16b950 4624       1       java.io.FileDescriptor$1::registerCleanup (5 bytes)
Event: 2774.043 Thread 0x0000019d4e16b950 nmethod 4624 0x0000019d461a8d10 code [0x0000019d461a8ea0, 0x0000019d461a8f88]
Event: 2926.038 Thread 0x0000019d4e16b950 4625   !   1       com.google.common.io.Closeables::close (37 bytes)
Event: 2926.063 Thread 0x0000019d4e16b950 nmethod 4625 0x0000019d461a8590 code [0x0000019d461a8780, 0x0000019d461a8b28]
Event: 3031.603 Thread 0x0000019d4e16b950 4626       1       org.springframework.context.support.AbstractApplicationContext::assertBeanFactoryActive (55 bytes)
Event: 3031.604 Thread 0x0000019d4e16b950 nmethod 4626 0x0000019d461a7f10 code [0x0000019d461a80e0, 0x0000019d461a8398]
Event: 3107.467 Thread 0x0000019d4e16b950 4627   !   1       java.lang.ref.Reference::processPendingReferences (118 bytes)
Event: 3107.468 Thread 0x0000019d4e16b950 nmethod 4627 0x0000019d461a7310 code [0x0000019d461a7560, 0x0000019d461a7bb8]
Event: 3358.966 Thread 0x0000019d4e16b950 4628   !   1       java.lang.ProcessBuilder::start (430 bytes)
Event: 3358.972 Thread 0x0000019d4e16b950 nmethod 4628 0x0000019d461a5590 code [0x0000019d461a5920, 0x0000019d461a6928]
Event: 3379.425 Thread 0x0000019d4e16b950 4629       1       java.util.StringTokenizer::countTokens (46 bytes)
Event: 3379.425 Thread 0x0000019d4e16b950 nmethod 4629 0x0000019d461a5190 code [0x0000019d461a5340, 0x0000019d461a5498]
Event: 3613.664 Thread 0x0000019d4e16b950 4630       1       java.io.FileInputStream::<init> (59 bytes)
Event: 3613.665 Thread 0x0000019d4e16b950 nmethod 4630 0x0000019d461a4890 code [0x0000019d461a4a80, 0x0000019d461a4f48]
Event: 3613.665 Thread 0x0000019d4e16b950 4631       1       java.lang.Process$PipeInputStream::<init> (6 bytes)
Event: 3613.665 Thread 0x0000019d4e16b950 nmethod 4631 0x0000019d461a4590 code [0x0000019d461a4720, 0x0000019d461a4808]

GC Heap History (20 events):
Event: 3654.666 GC heap after
{Heap after GC invocations=143 (full 132):
 garbage-first heap   total 75776K, used 25500K [0x00000000c0000000, 0x0000000100000000)
  region size 1024K, 0 young (0K), 0 survivors (0K)
 Metaspace       used 42028K, committed 42432K, reserved 1114112K
  class space    used 5423K, committed 5632K, reserved 1048576K
}
Event: 3664.834 GC heap before
{Heap before GC invocations=143 (full 132):
 garbage-first heap   total 75776K, used 25500K [0x00000000c0000000, 0x0000000100000000)
  region size 1024K, 1 young (1024K), 0 survivors (0K)
 Metaspace       used 42028K, committed 42432K, reserved 1114112K
  class space    used 5423K, committed 5632K, reserved 1048576K
}
Event: 3664.866 GC heap after
{Heap after GC invocations=144 (full 133):
 garbage-first heap   total 75776K, used 25500K [0x00000000c0000000, 0x0000000100000000)
  region size 1024K, 0 young (0K), 0 survivors (0K)
 Metaspace       used 42028K, committed 42432K, reserved 1114112K
  class space    used 5423K, committed 5632K, reserved 1048576K
}
Event: 3674.984 GC heap before
{Heap before GC invocations=144 (full 133):
 garbage-first heap   total 75776K, used 25500K [0x00000000c0000000, 0x0000000100000000)
  region size 1024K, 1 young (1024K), 0 survivors (0K)
 Metaspace       used 42028K, committed 42432K, reserved 1114112K
  class space    used 5423K, committed 5632K, reserved 1048576K
}
Event: 3675.005 GC heap after
{Heap after GC invocations=145 (full 134):
 garbage-first heap   total 75776K, used 25500K [0x00000000c0000000, 0x0000000100000000)
  region size 1024K, 0 young (0K), 0 survivors (0K)
 Metaspace       used 42028K, committed 42432K, reserved 1114112K
  class space    used 5423K, committed 5632K, reserved 1048576K
}
Event: 3685.109 GC heap before
{Heap before GC invocations=145 (full 134):
 garbage-first heap   total 75776K, used 25500K [0x00000000c0000000, 0x0000000100000000)
  region size 1024K, 1 young (1024K), 0 survivors (0K)
 Metaspace       used 42028K, committed 42432K, reserved 1114112K
  class space    used 5423K, committed 5632K, reserved 1048576K
}
Event: 3685.135 GC heap after
{Heap after GC invocations=146 (full 135):
 garbage-first heap   total 75776K, used 25500K [0x00000000c0000000, 0x0000000100000000)
  region size 1024K, 0 young (0K), 0 survivors (0K)
 Metaspace       used 42028K, committed 42432K, reserved 1114112K
  class space    used 5423K, committed 5632K, reserved 1048576K
}
Event: 3695.309 GC heap before
{Heap before GC invocations=146 (full 135):
 garbage-first heap   total 75776K, used 25500K [0x00000000c0000000, 0x0000000100000000)
  region size 1024K, 1 young (1024K), 0 survivors (0K)
 Metaspace       used 42028K, committed 42432K, reserved 1114112K
  class space    used 5423K, committed 5632K, reserved 1048576K
}
Event: 3695.336 GC heap after
{Heap after GC invocations=147 (full 136):
 garbage-first heap   total 75776K, used 25500K [0x00000000c0000000, 0x0000000100000000)
  region size 1024K, 0 young (0K), 0 survivors (0K)
 Metaspace       used 42028K, committed 42432K, reserved 1114112K
  class space    used 5423K, committed 5632K, reserved 1048576K
}
Event: 3705.455 GC heap before
{Heap before GC invocations=147 (full 136):
 garbage-first heap   total 75776K, used 25500K [0x00000000c0000000, 0x0000000100000000)
  region size 1024K, 1 young (1024K), 0 survivors (0K)
 Metaspace       used 42028K, committed 42432K, reserved 1114112K
  class space    used 5423K, committed 5632K, reserved 1048576K
}
Event: 3705.476 GC heap after
{Heap after GC invocations=148 (full 137):
 garbage-first heap   total 75776K, used 25500K [0x00000000c0000000, 0x0000000100000000)
  region size 1024K, 0 young (0K), 0 survivors (0K)
 Metaspace       used 42028K, committed 42432K, reserved 1114112K
  class space    used 5423K, committed 5632K, reserved 1048576K
}
Event: 3715.583 GC heap before
{Heap before GC invocations=148 (full 137):
 garbage-first heap   total 75776K, used 25500K [0x00000000c0000000, 0x0000000100000000)
  region size 1024K, 1 young (1024K), 0 survivors (0K)
 Metaspace       used 42028K, committed 42432K, reserved 1114112K
  class space    used 5423K, committed 5632K, reserved 1048576K
}
Event: 3715.603 GC heap after
{Heap after GC invocations=149 (full 138):
 garbage-first heap   total 75776K, used 25500K [0x00000000c0000000, 0x0000000100000000)
  region size 1024K, 0 young (0K), 0 survivors (0K)
 Metaspace       used 42028K, committed 42432K, reserved 1114112K
  class space    used 5423K, committed 5632K, reserved 1048576K
}
Event: 3725.943 GC heap before
{Heap before GC invocations=149 (full 138):
 garbage-first heap   total 75776K, used 25500K [0x00000000c0000000, 0x0000000100000000)
  region size 1024K, 1 young (1024K), 0 survivors (0K)
 Metaspace       used 42028K, committed 42432K, reserved 1114112K
  class space    used 5423K, committed 5632K, reserved 1048576K
}
Event: 3725.971 GC heap after
{Heap after GC invocations=150 (full 139):
 garbage-first heap   total 75776K, used 25500K [0x00000000c0000000, 0x0000000100000000)
  region size 1024K, 0 young (0K), 0 survivors (0K)
 Metaspace       used 42028K, committed 42432K, reserved 1114112K
  class space    used 5423K, committed 5632K, reserved 1048576K
}
Event: 3736.101 GC heap before
{Heap before GC invocations=150 (full 139):
 garbage-first heap   total 75776K, used 25500K [0x00000000c0000000, 0x0000000100000000)
  region size 1024K, 1 young (1024K), 0 survivors (0K)
 Metaspace       used 42028K, committed 42432K, reserved 1114112K
  class space    used 5423K, committed 5632K, reserved 1048576K
}
Event: 3736.125 GC heap after
{Heap after GC invocations=151 (full 140):
 garbage-first heap   total 75776K, used 25500K [0x00000000c0000000, 0x0000000100000000)
  region size 1024K, 0 young (0K), 0 survivors (0K)
 Metaspace       used 42028K, committed 42432K, reserved 1114112K
  class space    used 5423K, committed 5632K, reserved 1048576K
}
Event: 3746.256 GC heap before
{Heap before GC invocations=151 (full 140):
 garbage-first heap   total 75776K, used 25500K [0x00000000c0000000, 0x0000000100000000)
  region size 1024K, 1 young (1024K), 0 survivors (0K)
 Metaspace       used 42028K, committed 42432K, reserved 1114112K
  class space    used 5423K, committed 5632K, reserved 1048576K
}
Event: 3746.280 GC heap after
{Heap after GC invocations=152 (full 141):
 garbage-first heap   total 75776K, used 25500K [0x00000000c0000000, 0x0000000100000000)
  region size 1024K, 0 young (0K), 0 survivors (0K)
 Metaspace       used 42028K, committed 42432K, reserved 1114112K
  class space    used 5423K, committed 5632K, reserved 1048576K
}
Event: 3756.314 GC heap before
{Heap before GC invocations=152 (full 141):
 garbage-first heap   total 75776K, used 25500K [0x00000000c0000000, 0x0000000100000000)
  region size 1024K, 1 young (1024K), 0 survivors (0K)
 Metaspace       used 42028K, committed 42432K, reserved 1114112K
  class space    used 5423K, committed 5632K, reserved 1048576K
}

Dll operation events (8 events):
Event: 0.005 Loaded shared library c:\Users\Aditya\.vscode\extensions\redhat.java-1.34.0-win32-x64\jre\17.0.12-win32-x86_64\bin\java.dll
Event: 0.128 Loaded shared library C:\Users\Aditya\.vscode\extensions\redhat.java-1.34.0-win32-x64\jre\17.0.12-win32-x86_64\bin\net.dll
Event: 0.129 Loaded shared library C:\Users\Aditya\.vscode\extensions\redhat.java-1.34.0-win32-x64\jre\17.0.12-win32-x86_64\bin\nio.dll
Event: 0.134 Loaded shared library C:\Users\Aditya\.vscode\extensions\redhat.java-1.34.0-win32-x64\jre\17.0.12-win32-x86_64\bin\zip.dll
Event: 0.246 Loaded shared library C:\Users\Aditya\.vscode\extensions\redhat.java-1.34.0-win32-x64\jre\17.0.12-win32-x86_64\bin\jimage.dll
Event: 0.893 Loaded shared library c:\Users\Aditya\.vscode\extensions\redhat.java-1.34.0-win32-x64\jre\17.0.12-win32-x86_64\bin\verify.dll
Event: 3.876 Loaded shared library C:\Users\Aditya\.vscode\extensions\redhat.java-1.34.0-win32-x64\jre\17.0.12-win32-x86_64\bin\management.dll
Event: 3.878 Loaded shared library C:\Users\Aditya\.vscode\extensions\redhat.java-1.34.0-win32-x64\jre\17.0.12-win32-x86_64\bin\management_ext.dll

Deoptimization events (6 events):
Event: 4.036 Thread 0x0000019d53dc4030 DEOPT PACKING pc=0x0000019d46486c01 sp=0x0000004613bfda60
Event: 4.036 Thread 0x0000019d53dc4030 DEOPT UNPACKING pc=0x0000019d45f17143 sp=0x0000004613bfcef0 mode 3
Event: 4.048 Thread 0x0000019d53e60460 DEOPT PACKING pc=0x0000019d46468a97 sp=0x0000004613cfed80
Event: 4.048 Thread 0x0000019d53e60460 DEOPT UNPACKING pc=0x0000019d45f17143 sp=0x0000004613cfe1d8 mode 3
Event: 98.149 Thread 0x0000019d53dc4030 DEOPT PACKING pc=0x0000019d4655d7d4 sp=0x0000004613bfed60
Event: 98.149 Thread 0x0000019d53dc4030 DEOPT UNPACKING pc=0x0000019d45f17143 sp=0x0000004613bfe208 mode 0

Classes loaded (20 events):
Event: 43.909 Loading class java/lang/Process$PipeInputStream
Event: 43.909 Loading class java/lang/Process$PipeInputStream done
Event: 43.910 Loading class jdk/internal/event/ProcessStartEvent
Event: 43.910 Loading class jdk/internal/event/ProcessStartEvent done
Event: 44.033 Loading class java/io/FileOutputStream$1
Event: 44.033 Loading class java/io/FileOutputStream$1 done
Event: 98.153 Loading class java/util/concurrent/CompletableFuture$UniCompose
Event: 98.153 Loading class java/util/concurrent/CompletableFuture$UniCompose done
Event: 98.154 Loading class java/util/concurrent/ForkJoinPool$DefaultCommonPoolForkJoinWorkerThreadFactory$1
Event: 98.154 Loading class java/util/concurrent/ForkJoinPool$DefaultCommonPoolForkJoinWorkerThreadFactory$1 done
Event: 98.154 Loading class java/util/concurrent/CompletableFuture$UniExceptionally
Event: 98.154 Loading class java/util/concurrent/CompletableFuture$UniExceptionally done
Event: 98.154 Loading class java/util/concurrent/CompletableFuture$UniApply
Event: 98.154 Loading class java/util/concurrent/CompletableFuture$UniApply done
Event: 837.748 Loading class jdk/internal/reflect/UnsafeQualifiedStaticObjectFieldAccessorImpl
Event: 837.750 Loading class jdk/internal/reflect/UnsafeQualifiedStaticFieldAccessorImpl
Event: 837.750 Loading class jdk/internal/reflect/UnsafeQualifiedStaticFieldAccessorImpl done
Event: 837.750 Loading class jdk/internal/reflect/UnsafeQualifiedStaticObjectFieldAccessorImpl done
Event: 1031.150 Loading class java/util/logging/LogRecord
Event: 1031.152 Loading class java/util/logging/LogRecord done

Classes unloaded (20 events):
Event: 64.257 Thread 0x0000019d4e01c2f0 Unloading class 0x000000010008c000 'java/lang/invoke/LambdaForm$MH+0x000000010008c000'
Event: 64.257 Thread 0x0000019d4e01c2f0 Unloading class 0x000000010008bc00 'java/lang/invoke/LambdaForm$MH+0x000000010008bc00'
Event: 64.257 Thread 0x0000019d4e01c2f0 Unloading class 0x000000010008ac00 'java/lang/invoke/LambdaForm$MH+0x000000010008ac00'
Event: 64.257 Thread 0x0000019d4e01c2f0 Unloading class 0x000000010008a400 'java/lang/invoke/LambdaForm$MH+0x000000010008a400'
Event: 64.257 Thread 0x0000019d4e01c2f0 Unloading class 0x000000010008a000 'java/lang/invoke/LambdaForm$MH+0x000000010008a000'
Event: 64.257 Thread 0x0000019d4e01c2f0 Unloading class 0x0000000100089c00 'java/lang/invoke/LambdaForm$MH+0x0000000100089c00'
Event: 64.257 Thread 0x0000019d4e01c2f0 Unloading class 0x0000000100089800 'java/lang/invoke/LambdaForm$MH+0x0000000100089800'
Event: 64.257 Thread 0x0000019d4e01c2f0 Unloading class 0x0000000100089400 'java/lang/invoke/LambdaForm$MH+0x0000000100089400'
Event: 64.257 Thread 0x0000019d4e01c2f0 Unloading class 0x0000000100088c00 'java/lang/invoke/LambdaForm$MH+0x0000000100088c00'
Event: 64.257 Thread 0x0000019d4e01c2f0 Unloading class 0x0000000100088400 'java/lang/invoke/LambdaForm$MH+0x0000000100088400'
Event: 375.171 Thread 0x0000019d4e01c2f0 Unloading class 0x0000000100268000 'java/lang/invoke/LambdaForm$MH+0x0000000100268000'
Event: 375.171 Thread 0x0000019d4e01c2f0 Unloading class 0x0000000100268c00 'java/lang/invoke/LambdaForm$MH+0x0000000100268c00'
Event: 375.171 Thread 0x0000019d4e01c2f0 Unloading class 0x000000010032c400 'java/lang/invoke/LambdaForm$MH+0x000000010032c400'
Event: 375.171 Thread 0x0000019d4e01c2f0 Unloading class 0x00000001003a8000 'java/lang/invoke/LambdaForm$MH+0x00000001003a8000'
Event: 375.171 Thread 0x0000019d4e01c2f0 Unloading class 0x0000000100410800 'java/lang/invoke/LambdaForm$MH+0x0000000100410800'
Event: 375.171 Thread 0x0000019d4e01c2f0 Unloading class 0x0000000100434400 'java/lang/invoke/LambdaForm$MH+0x0000000100434400'
Event: 375.171 Thread 0x0000019d4e01c2f0 Unloading class 0x0000000100436000 'java/lang/invoke/LambdaForm$MH+0x0000000100436000'
Event: 2298.912 Thread 0x0000019d4e01c2f0 Unloading class 0x000000010032c400 'java/lang/invoke/LambdaForm$MH+0x000000010032c400'
Event: 2298.912 Thread 0x0000019d4e01c2f0 Unloading class 0x0000000100268c00 'java/lang/invoke/LambdaForm$MH+0x0000000100268c00'
Event: 2298.912 Thread 0x0000019d4e01c2f0 Unloading class 0x0000000100268000 'java/lang/invoke/LambdaForm$MH+0x0000000100268000'

Classes redefined (0 events):
No events

Internal exceptions (20 events):
Event: 2.945 Thread 0x0000019d43233a90 Exception <a 'java/lang/NoSuchMethodError'{0x00000000c3c836c8}: 'int java.lang.invoke.Invokers$Holder.linkToTargetMethod(java.lang.Object, java.lang.Object, java.lang.Object)'> (0x00000000c3c836c8) 
thrown [s\src\hotspot\share\interpreter\linkResolver.cpp, line 759]
Event: 3.011 Thread 0x0000019d43233a90 Exception <a 'java/lang/NoSuchMethodError'{0x00000000c372fcb8}: 'java.lang.Object java.lang.invoke.DirectMethodHandle$Holder.invokeStaticInit(java.lang.Object, int, int, int, int)'> (0x00000000c372fcb8) 
thrown [s\src\hotspot\share\interpreter\linkResolver.cpp, line 759]
Event: 3.058 Thread 0x0000019d43233a90 Exception <a 'java/lang/NoSuchMethodError'{0x00000000c360a010}: 'java.lang.Object java.lang.invoke.DirectMethodHandle$Holder.invokeStaticInit(java.lang.Object, java.lang.Object, int, int, int, int)'> (0x00000000c360a010) 
thrown [s\src\hotspot\share\interpreter\linkResolver.cpp, line 759]
Event: 3.305 Thread 0x0000019d43233a90 Exception <a 'java/lang/NoSuchMethodError'{0x00000000c5895658}: 'void java.lang.invoke.DirectMethodHandle$Holder.invokeSpecialIFC(java.lang.Object, java.lang.Object, java.lang.Object)'> (0x00000000c5895658) 
thrown [s\src\hotspot\share\interpreter\linkResolver.cpp, line 759]
Event: 3.634 Thread 0x0000019d43233a90 Exception <a 'java/lang/NoSuchMethodError'{0x00000000c2ebab60}: 'int java.lang.invoke.DirectMethodHandle$Holder.invokeStaticInit(java.lang.Object, java.lang.Object, int, java.lang.Object)'> (0x00000000c2ebab60) 
thrown [s\src\hotspot\share\interpreter\linkResolver.cpp, line 759]
Event: 3.684 Thread 0x0000019d43233a90 Exception <a 'java/lang/NoSuchMethodError'{0x00000000c7dcf808}: 'void java.lang.invoke.DirectMethodHandle$Holder.invokeSpecial(java.lang.Object, java.lang.Object, java.lang.Object, java.lang.Object, java.lang.Object, java.lang.Object, java.lang.Object)'> (0x00000000c7dcf808) 
thrown [s\src\hotspot\share\interpreter\linkResolver.cpp, line 759]
Event: 3.793 Thread 0x0000019d43233a90 Exception <a 'java/lang/NoSuchMethodError'{0x00000000c4222e40}: 'java.lang.Object java.lang.invoke.DirectMethodHandle$Holder.invokeInterface(java.lang.Object, java.lang.Object, int)'> (0x00000000c4222e40) 
thrown [s\src\hotspot\share\interpreter\linkResolver.cpp, line 759]
Event: 3.794 Thread 0x0000019d43233a90 Exception <a 'java/lang/IncompatibleClassChangeError'{0x00000000c4239be8}: Found class java.lang.Object, but interface was expected> (0x00000000c4239be8) 
thrown [s\src\hotspot\share\interpreter\linkResolver.cpp, line 826]
Event: 3.872 Thread 0x0000019d43233a90 Exception <a 'java/lang/NoSuchMethodError'{0x00000000c3c2ac48}: 'java.lang.Object java.lang.invoke.DirectMethodHandle$Holder.newInvokeSpecial(java.lang.Object, java.lang.Object, int, java.lang.Object, java.lang.Object)'> (0x00000000c3c2ac48) 
thrown [s\src\hotspot\share\interpreter\linkResolver.cpp, line 759]
Event: 3.873 Thread 0x0000019d43233a90 Exception <a 'java/lang/NoSuchMethodError'{0x00000000c3c41c50}: 'java.lang.Object java.lang.invoke.DirectMethodHandle$Holder.newInvokeSpecial(java.lang.Object, java.lang.Object, java.lang.Object, int)'> (0x00000000c3c41c50) 
thrown [s\src\hotspot\share\interpreter\linkResolver.cpp, line 759]
Event: 3.873 Thread 0x0000019d43233a90 Exception <a 'java/lang/NoSuchMethodError'{0x00000000c3c45f38}: 'java.lang.Object java.lang.invoke.DirectMethodHandle$Holder.invokeSpecial(java.lang.Object, java.lang.Object, java.lang.Object, java.lang.Object, int)'> (0x00000000c3c45f38) 
thrown [s\src\hotspot\share\interpreter\linkResolver.cpp, line 759]
Event: 3.873 Thread 0x0000019d43233a90 Exception <a 'java/lang/NoSuchMethodError'{0x00000000c3c49b00}: 'java.lang.Object java.lang.invoke.Invokers$Holder.linkToTargetMethod(java.lang.Object, java.lang.Object, int, java.lang.Object)'> (0x00000000c3c49b00) 
thrown [s\src\hotspot\share\interpreter\linkResolver.cpp, line 759]
Event: 4.010 Thread 0x0000019d53e60460 Exception <a 'java/lang/NoSuchMethodError'{0x00000000c32d8908}: 'java.lang.Object java.lang.invoke.DirectMethodHandle$Holder.invokeStatic(java.lang.Object, int, java.lang.Object)'> (0x00000000c32d8908) 
thrown [s\src\hotspot\share\interpreter\linkResolver.cpp, line 759]
Event: 4.013 Thread 0x0000019d53dc4030 Exception <a 'java/lang/NoSuchMethodError'{0x00000000c329f018}: 'java.lang.Object java.lang.invoke.DirectMethodHandle$Holder.invokeStatic(java.lang.Object, java.lang.Object, java.lang.Object, int, java.lang.Object, java.lang.Object)'> (0x00000000c329f018) 
thrown [s\src\hotspot\share\interpreter\linkResolver.cpp, line 759]
Event: 4.596 Thread 0x0000019d53ea49b0 Exception <a 'java/lang/NoSuchMethodError'{0x00000000c56ccbd8}: 'int java.lang.invoke.DirectMethodHandle$Holder.invokeStatic(java.lang.Object)'> (0x00000000c56ccbd8) 
thrown [s\src\hotspot\share\interpreter\linkResolver.cpp, line 759]
Event: 4.596 Thread 0x0000019d53ea49b0 Exception <a 'java/lang/NoSuchMethodError'{0x00000000c56cffd8}: 'int java.lang.invoke.DirectMethodHandle$Holder.invokeStaticInit(java.lang.Object)'> (0x00000000c56cffd8) 
thrown [s\src\hotspot\share\interpreter\linkResolver.cpp, line 759]
Event: 43.908 Thread 0x0000019d53d592b0 Exception <a 'java/lang/NoSuchMethodError'{0x00000000c4139368}: 'void java.lang.invoke.DirectMethodHandle$Holder.invokeStatic(java.lang.Object, long)'> (0x00000000c4139368) 
thrown [s\src\hotspot\share\interpreter\linkResolver.cpp, line 759]
Event: 43.909 Thread 0x0000019d53d592b0 Exception <a 'java/lang/NoSuchMethodError'{0x00000000c413e710}: 'java.lang.Object java.lang.invoke.DirectMethodHandle$Holder.newInvokeSpecial(java.lang.Object, long)'> (0x00000000c413e710) 
thrown [s\src\hotspot\share\interpreter\linkResolver.cpp, line 759]
Event: 311.559 Thread 0x0000019d4ec20b60 Exception <a 'java/lang/NoSuchMethodError'{0x00000000c438d9e8}: 'java.lang.Object java.lang.invoke.DirectMethodHandle$Holder.newInvokeSpecial(java.lang.Object, java.lang.Object, int, java.lang.Object)'> (0x00000000c438d9e8) 
thrown [s\src\hotspot\share\interpreter\linkResolver.cpp, line 759]
Event: 311.559 Thread 0x0000019d4ec20b60 Exception <a 'java/lang/NoSuchMethodError'{0x00000000c4391308}: 'java.lang.Object java.lang.invoke.Invokers$Holder.linkToTargetMethod(java.lang.Object, int, java.lang.Object, java.lang.Object)'> (0x00000000c4391308) 
thrown [s\src\hotspot\share\interpreter\linkResolver.cpp, line 759]

VM Operations (20 events):
Event: 3654.666 Executing VM operation: G1CollectFull done
Event: 3664.834 Executing VM operation: G1CollectFull
Event: 3664.866 Executing VM operation: G1CollectFull done
Event: 3674.984 Executing VM operation: G1CollectFull
Event: 3675.005 Executing VM operation: G1CollectFull done
Event: 3685.109 Executing VM operation: G1CollectFull
Event: 3685.135 Executing VM operation: G1CollectFull done
Event: 3695.309 Executing VM operation: G1CollectFull
Event: 3695.336 Executing VM operation: G1CollectFull done
Event: 3705.455 Executing VM operation: G1CollectFull
Event: 3705.476 Executing VM operation: G1CollectFull done
Event: 3715.583 Executing VM operation: G1CollectFull
Event: 3715.603 Executing VM operation: G1CollectFull done
Event: 3725.943 Executing VM operation: G1CollectFull
Event: 3725.971 Executing VM operation: G1CollectFull done
Event: 3736.101 Executing VM operation: G1CollectFull
Event: 3736.125 Executing VM operation: G1CollectFull done
Event: 3746.256 Executing VM operation: G1CollectFull
Event: 3746.280 Executing VM operation: G1CollectFull done
Event: 3756.314 Executing VM operation: G1CollectFull

Events (20 events):
Event: 2054.697 Thread 0x0000019d4ec24310 Thread exited: 0x0000019d4ec24310
Event: 2121.706 Thread 0x0000019d4ec1f210 Thread added: 0x0000019d4ec1f210
Event: 2128.408 Thread 0x0000019d4ec20140 Thread added: 0x0000019d4ec20140
Event: 2191.098 Thread 0x0000019d4ec20140 Thread exited: 0x0000019d4ec20140
Event: 2203.326 Thread 0x0000019d4ec1f210 Thread exited: 0x0000019d4ec1f210
Event: 2321.316 Thread 0x0000019d53ea3060 Thread exited: 0x0000019d53ea3060
Event: 2433.127 Thread 0x0000019d53ea3060 Thread added: 0x0000019d53ea3060
Event: 2506.483 Thread 0x0000019d53ea3060 Thread exited: 0x0000019d53ea3060
Event: 2950.213 Thread 0x0000019d53ea3060 Thread added: 0x0000019d53ea3060
Event: 2959.942 Thread 0x0000019d4eb6b7d0 Thread added: 0x0000019d4eb6b7d0
Event: 3019.944 Thread 0x0000019d4eb6b7d0 Thread exited: 0x0000019d4eb6b7d0
Event: 3093.307 Thread 0x0000019d53ea3060 Thread exited: 0x0000019d53ea3060
Event: 3117.617 Thread 0x0000019d53ea3060 Thread added: 0x0000019d53ea3060
Event: 3239.567 Thread 0x0000019d53ea3060 Thread exited: 0x0000019d53ea3060
Event: 3240.252 Thread 0x0000019d53ea3060 Thread added: 0x0000019d53ea3060
Event: 3301.731 Thread 0x0000019d53ea3060 Thread exited: 0x0000019d53ea3060
Event: 3304.373 Thread 0x0000019d53ea3060 Thread added: 0x0000019d53ea3060
Event: 3310.321 Thread 0x0000019d4e260640 Thread added: 0x0000019d4e260640
Event: 3370.322 Thread 0x0000019d4e260640 Thread exited: 0x0000019d4e260640
Event: 3373.913 Thread 0x0000019d53ea3060 Thread exited: 0x0000019d53ea3060


Dynamic libraries:
0x00007ff6b46d0000 - 0x00007ff6b46de000 	c:\Users\Aditya\.vscode\extensions\redhat.java-1.34.0-win32-x64\jre\17.0.12-win32-x86_64\bin\java.exe
0x00007ff856c10000 - 0x00007ff856e27000 	C:\WINDOWS\SYSTEM32\ntdll.dll
0x00007ff855990000 - 0x00007ff855a54000 	C:\WINDOWS\System32\KERNEL32.DLL
0x00007ff854290000 - 0x00007ff85463d000 	C:\WINDOWS\System32\KERNELBASE.dll
0x00007ff853f30000 - 0x00007ff854041000 	C:\WINDOWS\System32\ucrtbase.dll
0x00007ff84fb70000 - 0x00007ff84fb87000 	c:\Users\Aditya\.vscode\extensions\redhat.java-1.34.0-win32-x64\jre\17.0.12-win32-x86_64\bin\jli.dll
0x00007ff850100000 - 0x00007ff85011b000 	c:\Users\Aditya\.vscode\extensions\redhat.java-1.34.0-win32-x64\jre\17.0.12-win32-x86_64\bin\VCRUNTIME140.dll
0x00007ff855240000 - 0x00007ff8553ee000 	C:\WINDOWS\System32\USER32.dll
0x00007ff83d5a0000 - 0x00007ff83d833000 	C:\WINDOWS\WinSxS\amd64_microsoft.windows.common-controls_6595b64144ccf1df_6.0.22621.3672_none_2713b9d173822955\COMCTL32.dll
0x00007ff854050000 - 0x00007ff854076000 	C:\WINDOWS\System32\win32u.dll
0x00007ff855ab0000 - 0x00007ff855ad9000 	C:\WINDOWS\System32\GDI32.dll
0x00007ff856800000 - 0x00007ff8568a7000 	C:\WINDOWS\System32\msvcrt.dll
0x00007ff8540b0000 - 0x00007ff8541c9000 	C:\WINDOWS\System32\gdi32full.dll
0x00007ff8547b0000 - 0x00007ff85484a000 	C:\WINDOWS\System32\msvcp_win.dll
0x00007ff855090000 - 0x00007ff8550c1000 	C:\WINDOWS\System32\IMM32.DLL
0x00007ff850680000 - 0x00007ff85068c000 	c:\Users\Aditya\.vscode\extensions\redhat.java-1.34.0-win32-x64\jre\17.0.12-win32-x86_64\bin\vcruntime140_1.dll
0x00007ff820bc0000 - 0x00007ff820c4d000 	c:\Users\Aditya\.vscode\extensions\redhat.java-1.34.0-win32-x64\jre\17.0.12-win32-x86_64\bin\msvcp140.dll
0x00007ff80bbb0000 - 0x00007ff80c81a000 	c:\Users\Aditya\.vscode\extensions\redhat.java-1.34.0-win32-x64\jre\17.0.12-win32-x86_64\bin\server\jvm.dll
0x00007ff855180000 - 0x00007ff855232000 	C:\WINDOWS\System32\ADVAPI32.dll
0x00007ff8550d0000 - 0x00007ff855179000 	C:\WINDOWS\System32\sechost.dll
0x00007ff854080000 - 0x00007ff8540a8000 	C:\WINDOWS\System32\bcrypt.dll
0x00007ff856ab0000 - 0x00007ff856bc4000 	C:\WINDOWS\System32\RPCRT4.dll
0x00007ff855af0000 - 0x00007ff855b61000 	C:\WINDOWS\System32\WS2_32.dll
0x00007ff852dc0000 - 0x00007ff852e0d000 	C:\WINDOWS\SYSTEM32\POWRPROF.dll
0x00007ff84d0b0000 - 0x00007ff84d0e4000 	C:\WINDOWS\SYSTEM32\WINMM.dll
0x00007ff84c5b0000 - 0x00007ff84c5ba000 	C:\WINDOWS\SYSTEM32\VERSION.dll
0x00007ff852da0000 - 0x00007ff852db3000 	C:\WINDOWS\SYSTEM32\UMPDC.dll
0x00007ff853050000 - 0x00007ff853068000 	C:\WINDOWS\SYSTEM32\kernel.appcore.dll
0x00007ff850620000 - 0x00007ff85062a000 	c:\Users\Aditya\.vscode\extensions\redhat.java-1.34.0-win32-x64\jre\17.0.12-win32-x86_64\bin\jimage.dll
0x00007ff83ed10000 - 0x00007ff83ef42000 	C:\WINDOWS\SYSTEM32\DBGHELP.DLL
0x00007ff8553f0000 - 0x00007ff85577d000 	C:\WINDOWS\System32\combase.dll
0x00007ff8549c0000 - 0x00007ff854a97000 	C:\WINDOWS\System32\OLEAUT32.dll
0x00007ff83dbe0000 - 0x00007ff83dc12000 	C:\WINDOWS\SYSTEM32\dbgcore.DLL
0x00007ff8548c0000 - 0x00007ff85493b000 	C:\WINDOWS\System32\bcryptPrimitives.dll
0x00007ff84fb40000 - 0x00007ff84fb65000 	c:\Users\Aditya\.vscode\extensions\redhat.java-1.34.0-win32-x64\jre\17.0.12-win32-x86_64\bin\java.dll
0x00007ff84c570000 - 0x00007ff84c588000 	c:\Users\Aditya\.vscode\extensions\redhat.java-1.34.0-win32-x64\jre\17.0.12-win32-x86_64\bin\zip.dll
0x00007ff855c70000 - 0x00007ff8564d8000 	C:\WINDOWS\System32\SHELL32.dll
0x00007ff851e90000 - 0x00007ff85278e000 	C:\WINDOWS\SYSTEM32\windows.storage.dll
0x00007ff851d50000 - 0x00007ff851e8f000 	C:\WINDOWS\SYSTEM32\wintypes.dll
0x00007ff855b70000 - 0x00007ff855c69000 	C:\WINDOWS\System32\SHCORE.dll
0x00007ff856710000 - 0x00007ff85676e000 	C:\WINDOWS\System32\shlwapi.dll
0x00007ff853e60000 - 0x00007ff853e81000 	C:\WINDOWS\SYSTEM32\profapi.dll
0x00007ff84bc20000 - 0x00007ff84bc39000 	C:\Users\Aditya\.vscode\extensions\redhat.java-1.34.0-win32-x64\jre\17.0.12-win32-x86_64\bin\net.dll
0x00007ff84d390000 - 0x00007ff84d4c6000 	C:\WINDOWS\SYSTEM32\WINHTTP.dll
0x00007ff8534c0000 - 0x00007ff853529000 	C:\WINDOWS\system32\mswsock.dll
0x00007ff84b9a0000 - 0x00007ff84b9b6000 	C:\Users\Aditya\.vscode\extensions\redhat.java-1.34.0-win32-x64\jre\17.0.12-win32-x86_64\bin\nio.dll
0x00007ff8504d0000 - 0x00007ff8504e0000 	c:\Users\Aditya\.vscode\extensions\redhat.java-1.34.0-win32-x64\jre\17.0.12-win32-x86_64\bin\verify.dll
0x00007ff853720000 - 0x00007ff85373b000 	C:\WINDOWS\SYSTEM32\CRYPTSP.dll
0x00007ff852fb0000 - 0x00007ff852fe5000 	C:\WINDOWS\system32\rsaenh.dll
0x00007ff8535c0000 - 0x00007ff8535e8000 	C:\WINDOWS\SYSTEM32\USERENV.dll
0x00007ff853740000 - 0x00007ff85374c000 	C:\WINDOWS\SYSTEM32\CRYPTBASE.dll
0x00007ff852a60000 - 0x00007ff852a8d000 	C:\WINDOWS\SYSTEM32\IPHLPAPI.DLL
0x00007ff854f20000 - 0x00007ff854f29000 	C:\WINDOWS\System32\NSI.dll
0x00007ff84d4d0000 - 0x00007ff84d4e9000 	C:\WINDOWS\SYSTEM32\dhcpcsvc6.DLL
0x00007ff84ced0000 - 0x00007ff84ceef000 	C:\WINDOWS\SYSTEM32\dhcpcsvc.DLL
0x00007ff852ad0000 - 0x00007ff852bc8000 	C:\WINDOWS\SYSTEM32\DNSAPI.dll
0x00007ff850670000 - 0x00007ff850679000 	C:\Users\Aditya\.vscode\extensions\redhat.java-1.34.0-win32-x64\jre\17.0.12-win32-x86_64\bin\management.dll
0x00007ff84d120000 - 0x00007ff84d12b000 	C:\Users\Aditya\.vscode\extensions\redhat.java-1.34.0-win32-x64\jre\17.0.12-win32-x86_64\bin\management_ext.dll
0x00007ff856a70000 - 0x00007ff856a78000 	C:\WINDOWS\System32\PSAPI.DLL

dbghelp: loaded successfully - version: 4.0.5 - missing functions: none
symbol engine: initialized successfully - sym options: 0x614 - pdb path: .;c:\Users\Aditya\.vscode\extensions\redhat.java-1.34.0-win32-x64\jre\17.0.12-win32-x86_64\bin;C:\WINDOWS\SYSTEM32;C:\WINDOWS\WinSxS\amd64_microsoft.windows.common-controls_6595b64144ccf1df_6.0.22621.3672_none_2713b9d173822955;c:\Users\Aditya\.vscode\extensions\redhat.java-1.34.0-win32-x64\jre\17.0.12-win32-x86_64\bin\server

VM Arguments:
jvm_args: -Xmx1024m -Dsts.lsp.client=vscode -Dsts.log.file=/dev/null -XX:TieredStopAtLevel=1 -Xlog:jni+resolve=off -Dspring.config.location=file:c:\Users\Aditya\.vscode\extensions\vmware.vscode-spring-boot-1.56.0\language-server\BOOT-INF\classes\application.properties 
java_command: org.springframework.ide.vscode.boot.app.BootLanguageServerBootApp
java_class_path (initial): c:\Users\Aditya\.vscode\extensions\vmware.vscode-spring-boot-1.56.0\language-server\BOOT-INF\classes;c:\Users\Aditya\.vscode\extensions\vmware.vscode-spring-boot-1.56.0\language-server\BOOT-INF\lib\annotations-24.1.0.jar;c:\Users\Aditya\.vscode\extensions\vmware.vscode-spring-boot-1.56.0\language-server\BOOT-INF\lib\antlr4-runtime-4.13.1.jar;c:\Users\Aditya\.vscode\extensions\vmware.vscode-spring-boot-1.56.0\language-server\BOOT-INF\lib\asm-9.7.jar;c:\Users\Aditya\.vscode\extensions\vmware.vscode-spring-boot-1.56.0\language-server\BOOT-INF\lib\asm-analysis-9.7.jar;c:\Users\Aditya\.vscode\extensions\vmware.vscode-spring-boot-1.56.0\language-server\BOOT-INF\lib\asm-tree-9.7.jar;c:\Users\Aditya\.vscode\extensions\vmware.vscode-spring-boot-1.56.0\language-server\BOOT-INF\lib\asm-util-9.7.jar;c:\Users\Aditya\.vscode\extensions\vmware.vscode-spring-boot-1.56.0\language-server\BOOT-INF\lib\caffeine-3.1.8.jar;c:\Users\Aditya\.vscode\extensions\vmware.vscode-spring-boot-1.56.0\language-server\BOOT-INF\lib\checker-qual-3.12.0.jar;c:\Users\Aditya\.vscode\extensions\vmware.vscode-spring-boot-1.56.0\language-server\BOOT-INF\lib\classgraph-4.8.149.jar;c:\Users\Aditya\.vscode\extensions\vmware.vscode-spring-boot-1.56.0\language-server\BOOT-INF\lib\commons-codec-1.16.1.jar;c:\Users\Aditya\.vscode\extensions\vmware.vscode-spring-boot-1.56.0\language-server\BOOT-INF\lib\commons-compress-1.26.2.jar;c:\Users\Aditya\.vscode\extensions\vmware.vscode-spring-boot-1.56.0\language-server\BOOT-INF\lib\commons-io-2.16.1.jar;c:\Users\Aditya\.vscode\extensions\vmware.vscode-spring-boot-1.56.0\language-server\BOOT-INF\lib\commons-java-1.56.0-SNAPSHOT.jar;c:\Users\Aditya\.vscode\extensions\vmware.vscode-spring-boot-1.56.0\language-server\BOOT-INF\lib\commons-lang3-3.14.0.jar;c:\Users\Aditya\.vscode\extensions\vmware.vscode-spring-boot-1.56.0\language-server\BOOT-INF\lib\commons-language-server-1.56.0-SNAPSHOT.jar;c:\Users\Aditya\.vscode\extensions\vmware.vscode-spring-
Launcher Type: SUN_STANDARD

[Global flags]
     intx CICompilerCount                          = 4                                         {product} {ergonomic}
     uint ConcGCThreads                            = 2                                         {product} {ergonomic}
     uint G1ConcRefinementThreads                  = 8                                         {product} {ergonomic}
   size_t G1HeapRegionSize                         = 1048576                                   {product} {ergonomic}
    uintx GCDrainStackTargetSize                   = 64                                        {product} {ergonomic}
   size_t InitialHeapSize                          = 132120576                                 {product} {ergonomic}
   size_t MarkStackSize                            = 4194304                                   {product} {ergonomic}
   size_t MaxHeapSize                              = 1073741824                                {product} {command line}
   size_t MaxNewSize                               = 643825664                                 {product} {ergonomic}
   size_t MinHeapDeltaBytes                        = 1048576                                   {product} {ergonomic}
   size_t MinHeapSize                              = 8388608                                   {product} {ergonomic}
    uintx NonProfiledCodeHeapSize                  = 0                                      {pd product} {ergonomic}
     bool ProfileInterpreter                       = false                                  {pd product} {command line}
    uintx ProfiledCodeHeapSize                     = 0                                      {pd product} {ergonomic}
   size_t SoftMaxHeapSize                          = 1073741824                             {manageable} {ergonomic}
     intx TieredStopAtLevel                        = 1                                         {product} {command line}
     bool UseCompressedClassPointers               = true                           {product lp64_product} {ergonomic}
     bool UseCompressedOops                        = true                           {product lp64_product} {ergonomic}
     bool UseG1GC                                  = true                                      {product} {ergonomic}
     bool UseLargePagesIndividualAllocation        = false                                  {pd product} {ergonomic}

Logging:
Log output configuration:
 #0: stdout all=warning,jni+resolve=off uptime,level,tags
 #1: stderr all=off uptime,level,tags

Environment Variables:
JAVA_HOME=C:\Program Files\Java\jdk-20
PATH=C:\Program Files\Common Files\Oracle\Java\javapath;C:\Program Files (x86)\Common Files\Oracle\Java\java8path;C:\Program Files (x86)\Common Files\Oracle\Java\javapath;C:\Windows\System32;C:\Users\Aditya\Downloads\apache-maven-3.9.6-bin\apache-maven-3.9.6\bin;C:\Program Files\NVIDIA Corporation\NVIDIA NvDLISR;D:\nodejs\;C:\Program Files\Java\jdk-22\bin;C:\Program Files\Neovim\bin;C:\ProgramData\chocolatey\bin;C:\Program Files\Git\cmd;C:\MinGW\bin;C:\Program Files\MySQL\MySQL Shell 8.0\bin\;C:\Users\Aditya\AppData\Local\Programs\Python\Python311\Scripts\;C:\Users\Aditya\AppData\Local\Programs\Python\Python311\;;C:\Users\Aditya\AppData\Local\Microsoft\WindowsApps;D:\vs code\bin;C:\Users\Aditya\AppData\Roaming\npm
USERNAME=Aditya
OS=Windows_NT
PROCESSOR_IDENTIFIER=Intel64 Family 6 Model 158 Stepping 10, GenuineIntel
TMP=C:\Users\Aditya\AppData\Local\Temp
TEMP=C:\Users\Aditya\AppData\Local\Temp



Periodic native trim disabled


---------------  S Y S T E M  ---------------

OS:
 Windows 11 , 64 bit Build 22621 (10.0.22621.3958)
OS uptime: 2 days 3:08 hours

CPU: total 8 (initial active 8) (4 cores per cpu, 2 threads per core) family 6 model 158 stepping 10 microcode 0xde, cx8, cmov, fxsr, ht, mmx, 3dnowpref, sse, sse2, sse3, ssse3, sse4.1, sse4.2, popcnt, lzcnt, tsc, tscinvbit, avx, avx2, aes, erms, clmul, bmi1, bmi2, adx, fma, vzeroupper, clflush, clflushopt
Processor Information for all 8 processors :
  Max Mhz: 2304, Current Mhz: 2304, Mhz Limit: 2304

Memory: 4k page, system-wide physical 8034M (566M free)
TotalPageFile size 10034M (AvailPageFile size 7M)
current process WorkingSet (physical memory assigned to process): 128M, peak: 175M
current process commit charge ("private bytes"): 218M, peak: 232M

vm_info: OpenJDK 64-Bit Server VM (17.0.12+7) for windows-amd64 JRE (17.0.12+7), built on Jul 16 2024 22:08:24 by "admin" with MS VC++ 16.10 / 16.11 (VS2019)

END.
